<?xml version="1.0" encoding="UTF-8"?>
<testng-results ignored="0" total="2" passed="1" failed="1" skipped="0">
  <reporter-output>
  </reporter-output>
  <suite started-at="2022-11-17T15:49:10 IST" name="Suite" finished-at="2022-11-17T15:49:29 IST" duration-ms="19004">
    <groups>
    </groups>
    <test started-at="2022-11-17T15:49:10 IST" name="Test" finished-at="2022-11-17T15:49:29 IST" duration-ms="19004">
      <class name="mavendemo.Demo1">
        <test-method signature="teardown()[pri:0, instance:mavendemo.Demo1@18d87d80]" started-at="2022-11-17T15:49:10 IST" name="teardown" finished-at="2022-11-17T15:49:25 IST" duration-ms="15138" status="PASS">
          <reporter-output>
          </reporter-output>
        </test-method> <!-- teardown -->
      </class> <!-- mavendemo.Demo1 -->
      <class name="mavendemo.Demo2">
        <test-method signature="setup()[pri:0, instance:mavendemo.Demo2@37d4349f]" started-at="2022-11-17T15:49:25 IST" name="setup" finished-at="2022-11-17T15:49:29 IST" duration-ms="3814" status="FAIL">
          <exception class="org.openqa.selenium.NoSuchWindowException">
            <message>
              <![CDATA[no such window: target window already closed
from unknown error: web view not found
  (Session info: chrome=107.0.5304.107)
Build info: version: '4.1.2', revision: '9a5a329c5a'
System info: host: 'LAPTOP-TU3TK1JK', ip: '10.0.0.134', os.name: 'Windows 11', os.arch: 'amd64', os.version: '10.0', java.version: '11.0.15.1'
Driver info: org.openqa.selenium.chrome.ChromeDriver
Command: [e13d238fc803dac499f87189640b74cc, maximizeCurrentWindow {}]
Capabilities {acceptInsecureCerts: false, browserName: chrome, browserVersion: 107.0.5304.107, chrome: {chromedriverVersion: 107.0.5304.62 (1eec40d3a576..., userDataDir: C:\Users\UMA\AppData\Local\...}, goog:chromeOptions: {debuggerAddress: localhost:64643}, javascriptEnabled: true, networkConnectionEnabled: false, pageLoadStrategy: normal, platform: WINDOWS, platformName: WINDOWS, proxy: Proxy(), se:cdp: ws://localhost:64643/devtoo..., se:cdpVersion: 107.0.5304.107, setWindowRect: true, strictFileInteractability: false, timeouts: {implicit: 0, pageLoad: 300000, script: 30000}, unhandledPromptBehavior: dismiss and notify, webauthn:extension:credBlob: true, webauthn:extension:largeBlob: true, webauthn:virtualAuthenticators: true}
Session ID: e13d238fc803dac499f87189640b74cc]]>
            </message>
            <full-stacktrace>
              <![CDATA[org.openqa.selenium.NoSuchWindowException: no such window: target window already closed
from unknown error: web view not found
  (Session info: chrome=107.0.5304.107)
Build info: version: '4.1.2', revision: '9a5a329c5a'
System info: host: 'LAPTOP-TU3TK1JK', ip: '10.0.0.134', os.name: 'Windows 11', os.arch: 'amd64', os.version: '10.0', java.version: '11.0.15.1'
Driver info: org.openqa.selenium.chrome.ChromeDriver
Command: [e13d238fc803dac499f87189640b74cc, maximizeCurrentWindow {}]
Capabilities {acceptInsecureCerts: false, browserName: chrome, browserVersion: 107.0.5304.107, chrome: {chromedriverVersion: 107.0.5304.62 (1eec40d3a576..., userDataDir: C:\Users\UMA\AppData\Local\...}, goog:chromeOptions: {debuggerAddress: localhost:64643}, javascriptEnabled: true, networkConnectionEnabled: false, pageLoadStrategy: normal, platform: WINDOWS, platformName: WINDOWS, proxy: Proxy(), se:cdp: ws://localhost:64643/devtoo..., se:cdpVersion: 107.0.5304.107, setWindowRect: true, strictFileInteractability: false, timeouts: {implicit: 0, pageLoad: 300000, script: 30000}, unhandledPromptBehavior: dismiss and notify, webauthn:extension:credBlob: true, webauthn:extension:largeBlob: true, webauthn:virtualAuthenticators: true}
Session ID: e13d238fc803dac499f87189640b74cc
at java.base/jdk.internal.reflect.NativeConstructorAccessorImpl.newInstance0(Native Method)
at java.base/jdk.internal.reflect.NativeConstructorAccessorImpl.newInstance(NativeConstructorAccessorImpl.java:62)
at java.base/jdk.internal.reflect.DelegatingConstructorAccessorImpl.newInstance(DelegatingConstructorAccessorImpl.java:45)
at java.base/java.lang.reflect.Constructor.newInstance(Constructor.java:490)
at org.openqa.selenium.remote.codec.w3c.W3CHttpResponseCodec.createException(W3CHttpResponseCodec.java:200)
at org.openqa.selenium.remote.codec.w3c.W3CHttpResponseCodec.decode(W3CHttpResponseCodec.java:133)
at org.openqa.selenium.remote.codec.w3c.W3CHttpResponseCodec.decode(W3CHttpResponseCodec.java:53)
at org.openqa.selenium.remote.HttpCommandExecutor.execute(HttpCommandExecutor.java:184)
at org.openqa.selenium.remote.service.DriverCommandExecutor.invokeExecute(DriverCommandExecutor.java:167)
at org.openqa.selenium.remote.service.DriverCommandExecutor.execute(DriverCommandExecutor.java:142)
at org.openqa.selenium.remote.RemoteWebDriver.execute(RemoteWebDriver.java:558)
at org.openqa.selenium.remote.RemoteWebDriver.execute(RemoteWebDriver.java:613)
at org.openqa.selenium.remote.RemoteWebDriver.execute(RemoteWebDriver.java:617)
at org.openqa.selenium.remote.RemoteWebDriver$RemoteWebDriverOptions$RemoteWindow.maximize(RemoteWebDriver.java:984)
at mavendemo.Demo2.setup(Demo2.java:13)
at java.base/jdk.internal.reflect.NativeMethodAccessorImpl.invoke0(Native Method)
at java.base/jdk.internal.reflect.NativeMethodAccessorImpl.invoke(NativeMethodAccessorImpl.java:62)
at java.base/jdk.internal.reflect.DelegatingMethodAccessorImpl.invoke(DelegatingMethodAccessorImpl.java:43)
at java.base/java.lang.reflect.Method.invoke(Method.java:566)
at org.testng.internal.MethodInvocationHelper.invokeMethod(MethodInvocationHelper.java:133)
at org.testng.internal.TestInvoker.invokeMethod(TestInvoker.java:598)
at org.testng.internal.TestInvoker.invokeTestMethod(TestInvoker.java:173)
at org.testng.internal.MethodRunner.runInSequence(MethodRunner.java:46)
at org.testng.internal.TestInvoker$MethodInvocationAgent.invoke(TestInvoker.java:824)
at org.testng.internal.TestInvoker.invokeTestMethods(TestInvoker.java:146)
at org.testng.internal.TestMethodWorker.invokeTestMethods(TestMethodWorker.java:146)
at org.testng.internal.TestMethodWorker.run(TestMethodWorker.java:128)
at java.base/java.util.ArrayList.forEach(ArrayList.java:1541)
at org.testng.TestRunner.privateRun(TestRunner.java:794)
at org.testng.TestRunner.run(TestRunner.java:596)
at org.testng.SuiteRunner.runTest(SuiteRunner.java:377)
at org.testng.SuiteRunner.runSequentially(SuiteRunner.java:371)
at org.testng.SuiteRunner.privateRun(SuiteRunner.java:332)
at org.testng.SuiteRunner.run(SuiteRunner.java:276)
at org.testng.SuiteRunnerWorker.runSuite(SuiteRunnerWorker.java:53)
at org.testng.SuiteRunnerWorker.run(SuiteRunnerWorker.java:96)
at org.testng.TestNG.runSuitesSequentially(TestNG.java:1212)
at org.testng.TestNG.runSuitesLocally(TestNG.java:1134)
at org.testng.TestNG.runSuites(TestNG.java:1063)
at org.testng.TestNG.run(TestNG.java:1031)
at org.testng.remote.AbstractRemoteTestNG.run(AbstractRemoteTestNG.java:115)
at org.testng.remote.RemoteTestNG.initAndRun(RemoteTestNG.java:251)
at org.testng.remote.RemoteTestNG.main(RemoteTestNG.java:77)
]]>
            </full-stacktrace>
          </exception> <!-- org.openqa.selenium.NoSuchWindowException -->
          <reporter-output>
          </reporter-output>
        </test-method> <!-- setup -->
      </class> <!-- mavendemo.Demo2 -->
    </test> <!-- Test -->
  </suite> <!-- Suite -->
</testng-results>
